[debug] [2021-09-26T18:33:47.427Z] ----------------------------------------------------------------------
[debug] [2021-09-26T18:33:47.429Z] Command:       C:\Program Files\nodejs\node.exe C:\Users\alyssa\AppData\Roaming\npm\node_modules\firebase-tools\lib\bin\firebase.js init
[debug] [2021-09-26T18:33:47.429Z] CLI Version:   9.18.0
[debug] [2021-09-26T18:33:47.430Z] Platform:      win32
[debug] [2021-09-26T18:33:47.430Z] Node Version:  v14.16.1
[debug] [2021-09-26T18:33:47.430Z] Time:          Sun Sep 26 2021 14:33:47 GMT-0400 (Eastern Daylight Time)
[debug] [2021-09-26T18:33:47.431Z] ----------------------------------------------------------------------
[debug] 
[debug] [2021-09-26T18:33:47.437Z] > command requires scopes: ["email","openid","https://www.googleapis.com/auth/cloudplatformprojects.readonly","https://www.googleapis.com/auth/firebase","https://www.googleapis.com/auth/cloud-platform"]
[debug] [2021-09-26T18:33:47.437Z] > authorizing via signed-in user (meowmeowcutiepie@gmail.com)
[info] 
     ######## #### ########  ######## ########     ###     ######  ########
     ##        ##  ##     ## ##       ##     ##  ##   ##  ##       ##
     ######    ##  ########  ######   ########  #########  ######  ######
     ##        ##  ##    ##  ##       ##     ## ##     ##       ## ##
     ##       #### ##     ## ######## ########  ##     ##  ######  ########

You're about to initialize a Firebase project in this directory:

  C:\School\Workspaces\angular\portfolio

Before we get started, keep in mind:

  * You are currently outside your home directory

[info] 
=== Project Setup
[info] 
[info] First, let's associate this project directory with a Firebase project.
[info] You can create multiple project aliases by running firebase use --add, 
[info] but for now we'll just set up a default project.
[info] 
[debug] [2021-09-26T18:34:00.601Z] > refreshing access token with scopes: []
[debug] [2021-09-26T18:34:00.601Z] >>> HTTP REQUEST POST https://www.googleapis.com/oauth2/v3/token  
 <request body omitted>
[debug] [2021-09-26T18:34:00.774Z] <<< HTTP RESPONSE 200 {"expires":"Mon, 01 Jan 1990 00:00:00 GMT","cache-control":"no-cache, no-store, max-age=0, must-revalidate","date":"Sun, 26 Sep 2021 18:33:59 GMT","pragma":"no-cache","content-type":"application/json; charset=utf-8","vary":"X-Origin, Referer, Origin,Accept-Encoding","server":"scaffolding on HTTPServer2","x-xss-protection":"0","x-frame-options":"SAMEORIGIN","x-content-type-options":"nosniff","alt-svc":"h3=\":443\"; ma=2592000,h3-29=\":443\"; ma=2592000,h3-T051=\":443\"; ma=2592000,h3-Q050=\":443\"; ma=2592000,h3-Q046=\":443\"; ma=2592000,h3-Q043=\":443\"; ma=2592000,quic=\":443\"; ma=2592000; v=\"46,43\"","accept-ranges":"none","transfer-encoding":"chunked"}
[debug] [2021-09-26T18:34:00.786Z] >>> [apiv2][query] GET https://firebase.googleapis.com/v1beta1/projects pageSize=100
[debug] [2021-09-26T18:34:01.160Z] <<< [apiv2][status] GET https://firebase.googleapis.com/v1beta1/projects 200
[debug] [2021-09-26T18:34:01.160Z] <<< [apiv2][body] GET https://firebase.googleapis.com/v1beta1/projects [omitted]
[info] i  Using project my-portfolio-alyssa-gao (my-portfolio) 
[info] 
=== Hosting Setup
[info] 
[info] Your public directory is the folder (relative to your project directory) that
[info] will contain Hosting assets to be uploaded with firebase deploy. If you
[info] have a build process for your assets, use your build's output directory.
[info] 
[info] +  Wrote public/404.html 
[debug] [2021-09-26T18:35:17.775Z] >>> [apiv2][query] GET https://www.gstatic.com/firebasejs/releases.json [none]
[debug] [2021-09-26T18:35:17.897Z] <<< [apiv2][status] GET https://www.gstatic.com/firebasejs/releases.json 200
[debug] [2021-09-26T18:35:17.898Z] <<< [apiv2][body] GET https://www.gstatic.com/firebasejs/releases.json {"current":{"version":"9.1.0","browserURL":"https://www.gstatic.com/firebasejs/9.1.0/firebase.js","packageURL":"https://www.gstatic.com/firebasejs/9.1.0/firebase.tgz"},"live":{"version":"9.1","browserURL":"https://www.gstatic.com/firebasejs/live/9.1/firebase.js","packageURL":"https://www.gstatic.com/firebasejs/live/9.1/firebase.tgz"},"components":{"analytics":"https://www.gstatic.com/firebasejs/9.1.0/firebase-analytics.js","app":"https://www.gstatic.com/firebasejs/9.1.0/firebase-app.js","app-check":"https://www.gstatic.com/firebasejs/9.1.0/firebase-app-check.js","auth":"https://www.gstatic.com/firebasejs/9.1.0/firebase-auth.js","auth/cordova":"https://www.gstatic.com/firebasejs/9.1.0/firebase-auth/cordova.js","auth/react-native":"https://www.gstatic.com/firebasejs/9.1.0/firebase-auth/react-native.js","functions":"https://www.gstatic.com/firebasejs/9.1.0/firebase-functions.js","firestore":"https://www.gstatic.com/firebasejs/9.1.0/firebase-firestore.js","firestore/lite":"https://www.gstatic.com/firebasejs/9.1.0/firebase-firestore/lite.js","storage":"https://www.gstatic.com/firebasejs/9.1.0/firebase-storage.js","performance":"https://www.gstatic.com/firebasejs/9.1.0/firebase-performance.js","remote-config":"https://www.gstatic.com/firebasejs/9.1.0/firebase-remote-config.js","messaging":"https://www.gstatic.com/firebasejs/9.1.0/firebase-messaging.js","messaging/sw":"https://www.gstatic.com/firebasejs/9.1.0/firebase-messaging/sw.js","database":"https://www.gstatic.com/firebasejs/9.1.0/firebase-database.js","firestore.memory":"https://www.gstatic.com/firebasejs/9.1.0/firebase-firestore.memory.js"}}
[info] +  Wrote public/index.html 
[info] 
[info] i  Detected a .git folder at C:\School\Workspaces\angular\portfolio 
[info] i  Authorizing with GitHub to upload your service account to a GitHub repository's secrets store. 
[info] 
[info] Visit this URL on this device to log in:
[info] https://github.com/login/oauth/authorize?client_id=89cf50f02ac6aaed3484&state=958470282&redirect_uri=http%3A%2F%2Flocalhost%3A9005&scope=read%3Auser%20repo%20public_repo
[info] 
[info] Waiting for authentication...
[debug] [2021-09-26T18:35:18.655Z] >>> HTTP REQUEST POST https://github.com/login/oauth/access_token  
 {"client_id":"89cf50f02ac6aaed3484","client_secret":"3330d14abc895d9a74d5f17cd7a00711fa2c5bf0","code":"f49cb7cc8780d3a69d1f","redirect_uri":"http://localhost:9005","state":"958470282"}
[debug] [2021-09-26T18:35:18.856Z] <<< HTTP RESPONSE 200 {"server":"GitHub.com","date":"Sun, 26 Sep 2021 18:35:17 GMT","content-type":"application/json; charset=utf-8","transfer-encoding":"chunked","vary":"X-PJAX, X-PJAX-Container, Accept-Encoding, Accept, X-Requested-With","permissions-policy":"interest-cohort=()","etag":"W/\"a72ba1fcc3614b593d5e0c1706fe6f0a\"","cache-control":"max-age=0, private, must-revalidate","strict-transport-security":"max-age=31536000; includeSubdomains; preload","x-frame-options":"deny","x-content-type-options":"nosniff","x-xss-protection":"0","referrer-policy":"origin-when-cross-origin, strict-origin-when-cross-origin","expect-ct":"max-age=2592000, report-uri=\"https://api.github.com/_private/browser/errors\"","content-security-policy":"default-src 'none'; base-uri 'self'; block-all-mixed-content; child-src github.githubassets.com; connect-src 'self' uploads.github.com www.githubstatus.com collector.githubapp.com api.github.com github-cloud.s3.amazonaws.com github-production-repository-file-5c1aeb.s3.amazonaws.com github-production-upload-manifest-file-7fdce7.s3.amazonaws.com github-production-user-asset-6210df.s3.amazonaws.com cdn.optimizely.com logx.optimizely.com/v1/events translator.github.com wss://alive.github.com; font-src github.githubassets.com; form-action 'self' github.com gist.github.com; frame-ancestors 'none'; frame-src render.githubusercontent.com viewscreen.githubusercontent.com; img-src 'self' data: github.githubassets.com identicons.github.com collector.githubapp.com github-cloud.s3.amazonaws.com secured-user-images.githubusercontent.com/ *.githubusercontent.com; manifest-src 'self'; media-src github.com user-images.githubusercontent.com/; script-src github.githubassets.com; style-src 'unsafe-inline' github.githubassets.com; worker-src github.githubassets.com github.com/socket-worker-0af8a29d.js gist.github.com/socket-worker-0af8a29d.js","x-github-request-id":"F018:7338:87DF27:13FEE76:6150BD65"}
[debug] [2021-09-26T18:35:18.860Z] >>> [apiv2][query] GET https://api.github.com/user [none]
[debug] [2021-09-26T18:35:19.098Z] <<< [apiv2][status] GET https://api.github.com/user 200
[debug] [2021-09-26T18:35:19.099Z] <<< [apiv2][body] GET https://api.github.com/user {"login":"alyssagao1120","id":51086802,"node_id":"MDQ6VXNlcjUxMDg2ODAy","avatar_url":"https://avatars.githubusercontent.com/u/51086802?v=4","gravatar_id":"","url":"https://api.github.com/users/alyssagao1120","html_url":"https://github.com/alyssagao1120","followers_url":"https://api.github.com/users/alyssagao1120/followers","following_url":"https://api.github.com/users/alyssagao1120/following{/other_user}","gists_url":"https://api.github.com/users/alyssagao1120/gists{/gist_id}","starred_url":"https://api.github.com/users/alyssagao1120/starred{/owner}{/repo}","subscriptions_url":"https://api.github.com/users/alyssagao1120/subscriptions","organizations_url":"https://api.github.com/users/alyssagao1120/orgs","repos_url":"https://api.github.com/users/alyssagao1120/repos","events_url":"https://api.github.com/users/alyssagao1120/events{/privacy}","received_events_url":"https://api.github.com/users/alyssagao1120/received_events","type":"User","site_admin":false,"name":"Alyssa Gao","company":"University of Waterloo","blog":"alyssagao.me","location":"Toronto, Ontario","email":"alyssa.gao@uwaterloo.ca","hireable":true,"bio":"just me and my keyboard, taking over the world 🌎✨","twitter_username":null,"public_repos":18,"public_gists":0,"followers":1,"following":3,"created_at":"2019-05-27T13:44:47Z","updated_at":"2021-09-13T19:44:39Z","private_gists":0,"total_private_repos":12,"owned_private_repos":12,"disk_usage":333761,"collaborators":0,"two_factor_authentication":true,"plan":{"name":"pro","space":976562499,"collaborators":0,"private_repos":9999}}
[info] 
[info] +  Success! Logged into GitHub as alyssagao1120 
[info] 
